  rasterizer.cpp
C:\C learn\eigen3\Eigen\src\Core\arch\Default\Half.h(1,1): warning C4819: 该文件包含不能在当前代码页(936)中表示的字符。请将该文件保存为 Unicode 格式以防止数据丢失
C:\C learn\eigen3\Eigen\src\Core\arch\Default\BFloat16.h(1,1): warning C4819: 该文件包含不能在当前代码页(936)中表示的字符。请将该文件保存为 Unicode 格式以防止数据丢失
C:\C learn\eigen3\Eigen\src\Core\arch\Default\GenericPacketMathFunctions.h(676,1): warning C4819: 该文件包含不能在当前代码页(936)中表示的字符。请将该文件保存为 Unicode 格式以防止数据丢失
C:\C learn\LX\GAMES101_Graphics\project_one\rasterizer.cpp(41,10): warning C4244: “=”: 从“float”转换到“int”，可能丢失数据
C:\C learn\LX\GAMES101_Graphics\project_one\rasterizer.cpp(42,10): warning C4244: “=”: 从“float”转换到“int”，可能丢失数据
C:\C learn\LX\GAMES101_Graphics\project_one\rasterizer.cpp(43,12): warning C4244: “=”: 从“double”转换到“int”，可能丢失数据
C:\C learn\LX\GAMES101_Graphics\project_one\rasterizer.cpp(44,12): warning C4244: “=”: 从“double”转换到“int”，可能丢失数据
C:\C learn\LX\GAMES101_Graphics\project_one\rasterizer.cpp(52,8): warning C4244: “=”: 从“float”转换到“int”，可能丢失数据
C:\C learn\LX\GAMES101_Graphics\project_one\rasterizer.cpp(53,8): warning C4244: “=”: 从“float”转换到“int”，可能丢失数据
C:\C learn\LX\GAMES101_Graphics\project_one\rasterizer.cpp(54,9): warning C4244: “=”: 从“float”转换到“int”，可能丢失数据
C:\C learn\LX\GAMES101_Graphics\project_one\rasterizer.cpp(58,8): warning C4244: “=”: 从“float”转换到“int”，可能丢失数据
C:\C learn\LX\GAMES101_Graphics\project_one\rasterizer.cpp(59,8): warning C4244: “=”: 从“float”转换到“int”，可能丢失数据
C:\C learn\LX\GAMES101_Graphics\project_one\rasterizer.cpp(60,9): warning C4244: “=”: 从“float”转换到“int”，可能丢失数据
C:\C learn\LX\GAMES101_Graphics\project_one\rasterizer.cpp(62,46): warning C4244: “参数”: 从“int”转换到“const float”，可能丢失数据
C:\C learn\LX\GAMES101_Graphics\project_one\rasterizer.cpp(62,43): warning C4244: “参数”: 从“int”转换到“const float”，可能丢失数据
C:\C learn\LX\GAMES101_Graphics\project_one\rasterizer.cpp(84,47): warning C4244: “参数”: 从“int”转换到“const float”，可能丢失数据
C:\C learn\LX\GAMES101_Graphics\project_one\rasterizer.cpp(84,44): warning C4244: “参数”: 从“int”转换到“const float”，可能丢失数据
C:\C learn\LX\GAMES101_Graphics\project_one\rasterizer.cpp(92,8): warning C4244: “=”: 从“float”转换到“int”，可能丢失数据
C:\C learn\LX\GAMES101_Graphics\project_one\rasterizer.cpp(93,8): warning C4244: “=”: 从“float”转换到“int”，可能丢失数据
C:\C learn\LX\GAMES101_Graphics\project_one\rasterizer.cpp(94,9): warning C4244: “=”: 从“float”转换到“int”，可能丢失数据
C:\C learn\LX\GAMES101_Graphics\project_one\rasterizer.cpp(98,8): warning C4244: “=”: 从“float”转换到“int”，可能丢失数据
C:\C learn\LX\GAMES101_Graphics\project_one\rasterizer.cpp(99,8): warning C4244: “=”: 从“float”转换到“int”，可能丢失数据
C:\C learn\LX\GAMES101_Graphics\project_one\rasterizer.cpp(100,9): warning C4244: “=”: 从“float”转换到“int”，可能丢失数据
C:\C learn\LX\GAMES101_Graphics\project_one\rasterizer.cpp(102,46): warning C4244: “参数”: 从“int”转换到“const float”，可能丢失数据
C:\C learn\LX\GAMES101_Graphics\project_one\rasterizer.cpp(102,43): warning C4244: “参数”: 从“int”转换到“const float”，可能丢失数据
C:\C learn\LX\GAMES101_Graphics\project_one\rasterizer.cpp(124,47): warning C4244: “参数”: 从“int”转换到“const float”，可能丢失数据
C:\C learn\LX\GAMES101_Graphics\project_one\rasterizer.cpp(124,44): warning C4244: “参数”: 从“int”转换到“const float”，可能丢失数据
C:\C learn\LX\GAMES101_Graphics\project_one\rasterizer.cpp(144,30): warning C4305: “初始化”: 从“double”到“float”截断
C:\C learn\LX\GAMES101_Graphics\project_one\rasterizer.cpp(145,30): warning C4305: “初始化”: 从“double”到“float”截断
C:\C learn\LX\GAMES101_Graphics\project_one\rasterizer.cpp(164,27): warning C4244: “=”: 从“double”转换到“float”，可能丢失数据
C:\C learn\LX\GAMES101_Graphics\project_one\rasterizer.cpp(165,28): warning C4244: “=”: 从“double”转换到“float”，可能丢失数据
C:\C learn\LX\GAMES101_Graphics\project_one\rasterizer.cpp(235,12): warning C4244: “参数”: 从“float”转换到“const unsigned __int64”，可能丢失数据
  project_one.vcxproj -> C:\C learn\LX\GAMES101_Graphics\project_one\x64\Debug\project_one.exe
